[10:27:56] === Batch RETRY: 8 posts ===
[10:27:56] [1/8] Generating: Wizards Announces Retro Artifacts Reprint Set (News)
[10:28:12]   OK: Mana Crypt Is Back: Wizards Drops Retro Artifacts Reprint Set
[10:28:20] [2/8] Generating: Reading Your Opponents in Draft (Strategy)
[10:28:56]   OK: Pack Rat: Your Secret Weapon for Draft Mind Games
[10:29:04] [3/8] Generating: Five Cards That Will Shake Up Modern (Spoilers)
[10:30:38]   FAILED: Could not extract valid JSON
[10:30:41] [4/8] Generating: Azorius Control in Standard Complete Guide (Deck Guides)
[10:31:01]   FAILED: Could not extract valid JSON
[10:31:04] [5/8] Generating: Commander Rules Committee Updates Banned List (News)
[10:31:17]   OK: Mana Crypt Finally Banned in Commander - The RC Actually Did Something
[10:31:25] [6/8] Generating: MTG Arena Announces Pioneer Masters (News)
[10:31:40]   OK: Nykthos Shrine to Nyx is Coming to MTG Arena - Pioneer Masters Announcement
[10:31:48] [7/8] Generating: Jeskai Lotus Combo in Vintage (Deck Guides)
[10:32:35]   OK: Lotus Field Domination: Jeskai Combo in Vintage
[10:32:43] [8/8] Generating: How to Beat the Best Deck in Standard (Strategy)
[10:33:23]   FAILED: Could not extract valid JSON
[10:33:26] === Retry complete: 5 succeeded, 3 failed ===
[10:33:26] Running build.js...
Resolving card art from Scryfall...
  jeskai-lotus-combo-vintage: hero: Lotus Field (6 cards)
  nykthos-shrine-to-nyx-pioneer-masters-mtg-arena: hero: Nykthos, Shrine to Nyx (12 cards)
  mana-crypt-banned-commander-rc-update: hero: Fell (4 cards)
  pack-rat-draft-mind-games: hero: Pack Rat (8 cards)
  wizards-retro-artifacts-reprint-set-2026: hero: Chrome Mox (4 cards)
  secret-lair-roll-for-initiative-superdrop: hero: The Secret Lair (4 cards)
  mono-red-aggro-is-back: hero: Monastery Swiftspear (11 cards)
  foundations-of-magic-2-spoiler-review: hero: Jace, the Mind Sculptor (0 cards)
  dimir-excruciator-deck-slayed-badgermole-cub-horde: hero: Doomsday Excruciator (20 cards)
  mastering-tempo-modern-murktide: hero: Murktide Regent (6 cards)
  top-5-standard-decks-ban-update: hero: Counterspell (0 cards)
  tarkir-dragonstorm-draft-dragonlord-ojutai-soars: hero: Dragonstorm (14 cards)
  new-liliana-planeswalker-leaked-shes-even-scarier: hero: Liliana of the Veil (6 cards)
  mtg-arena-economy-changes-march: hero: Lightning Bolt (0 cards)
  golgari-midrange-pioneer-complete-guide: hero: Sheoldred, the Apocalypse (12 cards)
  budget-pioneer-decks-under-50: hero: Sol Ring (0 cards)
  paper-pro-tour-returns-million-dollar-prize-pool: hero: Tarmogoyf (2 cards)
  modern-horizons-4-leak-analysis: hero: Black Lotus (0 cards)
  mulligan-math-when-serum-visions: hero: Serum Visions (9 cards)
  how-to-draft-foundations-of-magic-2: hero: Counterspell (0 cards)
  boros-charm-nuts-ravnica-remastered-draft-truths: hero: Boros Charm (4 cards)
  commander-banned-list-update-feb-2026: hero: Lightning Bolt (0 cards)
  rest-in-peace-building-better-sideboards: hero: Rest in Peace (6 cards)
  temur-rhinos-crash-course-modern: hero: Crashing Footfalls (19 cards)
  building-first-competitive-standard-deck: hero: Sol Ring (0 cards)
  the-state-of-legacy-in-2026: hero: Counterspell (0 cards)
  kaito-shizuki-just-broke-standard-and-so-did-these-other-cards: hero: Kaito Shizuki (7 cards)
  baneslayer-angel-back-ratings-mythics-foundations-magic-2: hero: Baneslayer Angel (21 cards)
Card cache: 607 entries
Built index with 28 posts (hero + 3 featured + 24 grid)
Built 28 post pages in /posts/
Built about.html
Built contact.html
Built privacy.html
Built terms.html
Done.
[10:34:35] Build complete. 5 new posts published.
