[09:00:01] === ScrollVault Pipeline - 2026-02-13 ===
[09:00:01] Recent posts loaded (1897 chars of titles)
[09:00:01] --- STEP 1: Scout ---
[09:03:44] Scout completed
[09:03:44] Top story selected: Companion App Update: Magic Player Profiles Launching February 16
[09:03:44] --- STEP 2: Writer ---
[09:05:04] Writer completed
[09:05:04] --- STEP 3: Editor ---
[09:06:50] Editor completed
[09:06:50] --- STEP 4: Fact Checker ---
[09:08:11] Fact Checker completed
[09:08:11] --- Pre-Publish Validation ---
[09:08:11] Validation: PASS: Post validated (Companion App Update: Player Profiles Are a Lightning Bolt for Players)
[09:08:11] --- Backing up posts.json ---
[09:08:11] Backup saved to /home/degenai/scrollvault/data/posts.json.bak
[09:08:11] --- STEP 5: Publisher ---
[09:09:55] Publisher completed
[09:09:55] --- Verifying Build ---
[09:09:56] Total published posts: 47
[09:09:56] Note: could not purge nginx cache (may need root)
[09:09:57] Site HTTP status: 200
[09:09:57] --- STEP 6: QA ---
[09:11:41] QA completed
[09:11:41] WARNING: QA found CRITICAL issues — review /home/degenai/scrollvault/data/drafts/qa-20260213-090001.txt
[09:11:41] === Pipeline complete! ===
[09:11:41] Done.
[15:00:01] === ScrollVault Pipeline - 2026-02-13 ===
[15:00:01] Recent posts loaded (1919 chars of titles)
[15:00:01] --- STEP 1: Scout ---
[15:02:56] Scout completed
[15:02:56] Top story selected: Turtle Power! Commander Deck Revealed for Magic's Teenage Mutant Ninja Turtles Set
[15:02:56] --- STEP 2: Writer ---
[15:04:49] Writer completed
[15:04:49] --- STEP 3: Editor ---
[15:06:30] Editor completed
[15:06:30] --- STEP 4: Fact Checker ---
[15:08:20] Fact Checker completed
[15:08:20] --- Pre-Publish Validation ---
[15:08:20] Validation: FAIL: validation script error
[15:08:20] Post failed validation. Skipping publish.
[15:08:20] Fact-checker output saved to /home/degenai/scrollvault/data/drafts/factchecker-20260213-150001.txt
[15:08:20] FAILED: Pre-publish validation failed: FAIL: validation script error
[15:00:02] === ScrollVault Pipeline - 2026-02-14 ===
[15:00:02] Recent posts loaded (1920 chars of titles)
[15:00:02] --- STEP 1: Scout ---
[15:03:49] Scout completed
[15:03:49] Top story selected: Teenage Mutant Ninja Turtles Set Previews Kick Off February 17
[15:03:49] --- STEP 2: Writer ---
[15:04:26] Writer completed
[15:04:26] --- STEP 3: Editor ---
[15:05:15] Editor completed
[15:05:15] --- STEP 4: Fact Checker ---
[15:06:10] Fact Checker completed
[15:06:10] --- Pre-Publish Validation ---
[15:06:10] Validation: PASS: Post validated (Heroes in a Half Shell: TMNT Previews Kick Off February 17)
[15:06:10] --- Backing up posts.json ---
[15:06:10] Backup saved to /home/degenai/scrollvault/data/posts.json.bak
[15:06:10] --- STEP 5: Publisher ---
