[06:00:01] === Updating all formats ===
[06:00:01] Updating standard...
[06:00:01]   Step 1: Searching for standard metagame data...
[06:01:54]   Found 6 decks for standard
[06:01:55]   Step 2[1/6]: Building Simic Rhythm...
[06:03:04]     Invalid deck JSON for Simic Rhythm
[06:03:04]   Step 2[2/6]: Building Bant Rhythm...
    Bant Rhythm: 64 mainboard, 16 sideboard
[06:03:53]   Step 2[3/6]: Building Sultai Reanimator...
[06:04:51]     Invalid deck JSON for Sultai Reanimator
[06:04:51]   Step 2[4/6]: Building Bant Airbending...
[06:06:03]     Invalid deck JSON for Bant Airbending
[06:06:03]   Step 2[5/6]: Building Izzet Spellementals...
    Izzet Spellementals: 60 mainboard, 15 sideboard
[06:06:46]   Step 2[6/6]: Building Izzet Lessons...
[06:07:02]     Invalid deck JSON for Izzet Lessons
[06:07:02]   Got 2/6 deck lists for standard
Saved 2 decks for standard
[06:07:02]   standard complete
[06:07:12] Updating modern...
[06:07:12]   Step 1: Searching for modern metagame data...
[06:08:01]   Found  decks for modern
[06:08:01]   Got 0/ deck lists for modern
[06:08:01]   No decks succeeded for modern
[06:08:01]   FAILED: modern (continuing with next format)
[06:08:11] Updating pioneer...
[06:08:11]   Step 1: Searching for pioneer metagame data...
[06:09:11]   Found 6 decks for pioneer
[06:09:11]   Step 2[1/6]: Building Izzet Prowess...
    Izzet Prowess: 60 mainboard, 15 sideboard
[06:10:37]   Step 2[2/6]: Building Selesnya Company...
    Selesnya Company: 64 mainboard, 15 sideboard
[06:11:35]   Step 2[3/6]: Building Azorius Control...
[06:12:02]     Invalid deck JSON for Azorius Control
[06:12:02]   Step 2[4/6]: Building Golgari Midrange...
[06:13:05]     Invalid deck JSON for Golgari Midrange
[06:13:05]   Step 2[5/6]: Building Rakdos Demons...
    Rakdos Demons: 60 mainboard, 15 sideboard
[06:13:45]   Step 2[6/6]: Building Izzet Phoenix...
[06:14:03]     Invalid deck JSON for Izzet Phoenix
[06:14:03]   Got 3/6 deck lists for pioneer
Saved 3 decks for pioneer
[06:14:03]   pioneer complete
[06:14:13] Updating legacy...
[06:14:13]   Step 1: Searching for legacy metagame data...
[06:14:54]   Found  decks for legacy
[06:14:54]   Got 0/ deck lists for legacy
[06:14:54]   No decks succeeded for legacy
[06:14:54]   FAILED: legacy (continuing with next format)
[06:15:04] Updating pauper...
[06:15:04]   Step 1: Searching for pauper metagame data...
[06:15:30]   Found 6 decks for pauper
[06:15:30]   Step 2[1/6]: Building Mono-Blue Terror...
[06:16:05]     Invalid deck JSON for Mono-Blue Terror
[06:16:05]   Step 2[2/6]: Building Elves...
[06:16:46]     Invalid deck JSON for Elves
[06:16:46]   Step 2[3/6]: Building Grixis Affinity...
[06:17:07]     Invalid deck JSON for Grixis Affinity
[06:17:07]   Step 2[4/6]: Building Mono-Red Madness...
[06:18:00]     Invalid deck JSON for Mono-Red Madness
[06:18:00]   Step 2[5/6]: Building Jund Wildfire...
    Jund Wildfire: 72 mainboard, 15 sideboard
[06:18:36]   Step 2[6/6]: Building Caw-Gates...
[06:19:03]     Invalid deck JSON for Caw-Gates
[06:19:03]   Got 1/6 deck lists for pauper
Saved 1 decks for pauper
[06:19:03]   pauper complete
[06:19:13] Updating commander...
[06:19:13]   Step 1: Searching for commander metagame data...
[06:19:40]   Found 6 decks for commander
[06:19:40]   Step 2[1/6]: Building Magda, Brazen Outlaw...
[06:20:44]     Invalid deck JSON for Magda, Brazen Outlaw
[06:20:44]   Step 2[2/6]: Building Kinnan, Bonder Prodigy...
[06:22:03]     Invalid deck JSON for Kinnan, Bonder Prodigy
[06:22:03]   Step 2[3/6]: Building Atraxa, Praetors' Voice...
    Atraxa, Praetors' Voice: 100 mainboard, 0 sideboard
[06:24:28]   Step 2[4/6]: Building Child of Alara...
    Child of Alara: 139 mainboard, 0 sideboard
[06:25:22]   Step 2[5/6]: Building Chatterfang, Squirrel General...
[06:26:38]     Invalid deck JSON for Chatterfang, Squirrel General
[06:26:38]   Step 2[6/6]: Building Nymris, Oona's Trickster...
    Nymris, Oona's Trickster: 100 mainboard, 0 sideboard
[06:31:30]   Got 3/6 deck lists for commander
Saved 3 decks for commander
[06:31:30]   commander complete
[06:31:40] === All formats done: 4 succeeded, 2 failed ===
[06:31:40] Building site...
Resolving card art from Scryfall...
  bloodletter-of-aclazotz-secret-lair-roll-for-initiative: hero: Bloodletter of Aclazotz (5 cards)
  lightning-bolt-survives-another-day-pro-tour-shakeups-sheoldreds-reign-and-counterspells-comeback: hero: Lightning Bolt (3 cards)
  shadowheart-leads-charge-secret-lairs-dd-roll-initiative: hero: Roll for Initiative // Roll for Initiative (cont'd) (3 cards)
  remembering-kai-budde-german-juggernaut: hero: Kai Budde Bio (10 cards)
  teferi-hero-azorius-control-standard-guide: hero: Teferi, Hero of Dominaria (22 cards)
  orcish-bowmasters-five-cards-shaking-modern: hero: Orcish Bowmasters (11 cards)
  grafdigger-cage-beats-standard-top-deck: hero: Grafdigger's Cage (8 cards)
  jeskai-lotus-combo-vintage: hero: Lotus Field (6 cards)
  nykthos-shrine-to-nyx-pioneer-masters-mtg-arena: hero: Nykthos, Shrine to Nyx (12 cards)
  mana-crypt-banned-commander-rc-update: hero: Fell (4 cards)
  pack-rat-draft-mind-games: hero: Pack Rat (8 cards)
  wizards-retro-artifacts-reprint-set-2026: hero: Chrome Mox (4 cards)
  secret-lair-roll-for-initiative-superdrop: hero: The Secret Lair (4 cards)
  mtg-news-roundup-february-2026: hero: Sheoldred, the Apocalypse (4 cards)
  mono-red-aggro-is-back: hero: Monastery Swiftspear (11 cards)
  foundations-of-magic-2-spoiler-review: hero: Jace, the Mind Sculptor (0 cards)
  dimir-excruciator-deck-slayed-badgermole-cub-horde: hero: Doomsday Excruciator (20 cards)
  mastering-tempo-modern-murktide: hero: Murktide Regent (6 cards)
  top-5-standard-decks-ban-update: hero: Counterspell (0 cards)
  tarkir-dragonstorm-draft-dragonlord-ojutai-soars: hero: Dragonstorm (14 cards)
  new-liliana-planeswalker-leaked-shes-even-scarier: hero: Liliana of the Veil (6 cards)
  mtg-arena-economy-changes-march: hero: Lightning Bolt (0 cards)
  golgari-midrange-pioneer-complete-guide: hero: Sheoldred, the Apocalypse (12 cards)
  budget-pioneer-decks-under-50: hero: Sol Ring (0 cards)
  paper-pro-tour-returns-million-dollar-prize-pool: hero: Tarmogoyf (2 cards)
  modern-horizons-4-leak-analysis: hero: Black Lotus (0 cards)
  mulligan-math-when-serum-visions: hero: Serum Visions (9 cards)
  how-to-draft-foundations-of-magic-2: hero: Counterspell (0 cards)
  boros-charm-nuts-ravnica-remastered-draft-truths: hero: Boros Charm (4 cards)
  commander-banned-list-update-feb-2026: hero: Lightning Bolt (0 cards)
  rest-in-peace-building-better-sideboards: hero: Rest in Peace (6 cards)
  temur-rhinos-crash-course-modern: hero: Crashing Footfalls (19 cards)
  building-first-competitive-standard-deck: hero: Sol Ring (0 cards)
  the-state-of-legacy-in-2026: hero: Counterspell (0 cards)
  kaito-shizuki-just-broke-standard-and-so-did-these-other-cards: hero: Kaito Shizuki (7 cards)
  baneslayer-angel-back-ratings-mythics-foundations-magic-2: hero: Baneslayer Angel (21 cards)
Card cache: 1427 entries
Built index with 36 posts (hero + 3 featured + 32 grid)
Built 36 post pages in /posts/
Resolving card art for decks...
  standard/bant-rhythm: 32 cards, hero: Nature's Rhythm
  standard/izzet-spellementals: 29 cards, hero: Sunderflock
  modern/boros-energy: 31 cards, hero: Ocelot Pride
  modern/jeskai-blink: 31 cards, hero: Ephemerate
  modern/ruby-storm: 26 cards, hero: Past in Flames
  modern/domain-zoo: 33 cards, hero: Scion of Draco
  modern/amulet-titan: 35 cards, hero: Primeval Titan
  modern/izzet-prowess: 28 cards, hero: Cori-Steel Cutter
  pioneer/izzet-prowess: 23 cards, hero: Stormchaser Mage
  pioneer/selesnya-company: 30 cards, hero: Collected Company
  pioneer/rakdos-demons: 24 cards, hero: Archfiend of the Dross
  legacy/ur-tempo: 32 cards, hero: Murktide Regent
  legacy/doomsday: 32 cards, hero: Doomsday
  legacy/dimir-tempo: 29 cards, hero: Murktide Regent
  legacy/eldrazi-aggro: 32 cards, hero: Thought-Knot Seer
  legacy/oops-all-spells: 24 cards, hero: Goblin Charbelcher
  legacy/painter: 27 cards, hero: Painter's Servant
  pauper/jund-wildfire: 29 cards, hero: Wildfire
  commander/atraxa-praetors-voice-proliferate-2026: 87 cards, hero: Atraxa, Praetors' Voice
  commander/child-of-alara-land-destruction-control: 132 cards, hero: Child of Alara
  commander/nymris-oonas-trickster: 100 cards, hero: Thassa's Oracle
Built /decks/index.html
Built /decks/standard/index.html (2 decks)
Built /decks/modern/index.html (6 decks)
Built /decks/pioneer/index.html (3 decks)
Built /decks/legacy/index.html (6 decks)
Built /decks/pauper/index.html (1 decks)
Built /decks/commander/index.html (3 decks)
Built about.html
Built contact.html
Built privacy.html
Built terms.html
Built style.css (external stylesheet)
Built sitemap.xml with 40 URLs
Built robots.txt
Done.
[06:32:13] Build complete
