[22:16:01] Updating standard...
[22:16:01]   Step 1: Searching for standard metagame data...
[22:16:54]   Found 6 decks for standard
[22:16:55]   Step 2[1/6]: Building Dimir Midrange...
    Dimir Midrange: 60 mainboard, 15 sideboard
[22:18:01]   Step 2[2/6]: Building Jeskai Control...
    Jeskai Control: 68 mainboard, 15 sideboard
[22:18:57]   Step 2[3/6]: Building Izzet Aggro...
    Izzet Aggro: 65 mainboard, 15 sideboard
[22:19:49]   Step 2[4/6]: Building Azorius Control...
[22:21:02]     Invalid deck JSON for Azorius Control
[22:21:02]   Step 2[5/6]: Building Boros Aggro...
[22:21:45]     Invalid deck JSON for Boros Aggro
[22:21:45]   Step 2[6/6]: Building Mono Green Landfall...
[22:22:03]     Invalid deck JSON for Mono Green Landfall
[22:22:03]   Got 3/6 deck lists for standard
Traceback (most recent call last):
  File "<string>", line 17, in <module>
PermissionError: [Errno 13] Permission denied: '/home/degenai/scrollvault/data/decks.json'
[22:22:03]   Failed to save standard to decks.json
[22:22:03]   FAILED: standard
