[16:22:54] === Pipeline: Scout → Write → Edit → Publish ===
[16:22:54] Scout starting...
[16:23:40] Scout done
[16:23:40] Writing about: MTG news roundup
[16:23:40]   Writer starting...
[16:24:07]   Writer done
[16:24:07]   Editor starting...
[16:25:09]   Editor done
[16:25:10] Post added: [16:23:40]   Writer starting...
[16:24:07]   Writer done
[16:24:07]   Editor starting...
[16:25:09]   Editor done
Shadowheart Leads the Charge in Secret Lair's D&D Roll for Initiative
[16:25:10] Building site...
Resolving card art from Scryfall...
  shadowheart-leads-charge-secret-lairs-dd-roll-initiative: hero: Roll for Initiative // Roll for Initiative (cont'd) (3 cards)
  remembering-kai-budde-german-juggernaut: hero: Kai Budde Bio (10 cards)
  teferi-hero-azorius-control-standard-guide: hero: Teferi, Hero of Dominaria (22 cards)
  orcish-bowmasters-five-cards-shaking-modern: hero: Orcish Bowmasters (11 cards)
  grafdigger-cage-beats-standard-top-deck: hero: Grafdigger's Cage (8 cards)
  jeskai-lotus-combo-vintage: hero: Lotus Field (6 cards)
  nykthos-shrine-to-nyx-pioneer-masters-mtg-arena: hero: Nykthos, Shrine to Nyx (12 cards)
  mana-crypt-banned-commander-rc-update: hero: Fell (4 cards)
  pack-rat-draft-mind-games: hero: Pack Rat (8 cards)
  wizards-retro-artifacts-reprint-set-2026: hero: Chrome Mox (4 cards)
  secret-lair-roll-for-initiative-superdrop: hero: The Secret Lair (4 cards)
  mtg-news-roundup-february-2026: hero: Sheoldred, the Apocalypse (4 cards)
  mono-red-aggro-is-back: hero: Monastery Swiftspear (11 cards)
  foundations-of-magic-2-spoiler-review: hero: Jace, the Mind Sculptor (0 cards)
  dimir-excruciator-deck-slayed-badgermole-cub-horde: hero: Doomsday Excruciator (20 cards)
  mastering-tempo-modern-murktide: hero: Murktide Regent (6 cards)
  top-5-standard-decks-ban-update: hero: Counterspell (0 cards)
  tarkir-dragonstorm-draft-dragonlord-ojutai-soars: hero: Dragonstorm (14 cards)
  new-liliana-planeswalker-leaked-shes-even-scarier: hero: Liliana of the Veil (6 cards)
  mtg-arena-economy-changes-march: hero: Lightning Bolt (0 cards)
  golgari-midrange-pioneer-complete-guide: hero: Sheoldred, the Apocalypse (12 cards)
  budget-pioneer-decks-under-50: hero: Sol Ring (0 cards)
  paper-pro-tour-returns-million-dollar-prize-pool: hero: Tarmogoyf (2 cards)
  modern-horizons-4-leak-analysis: hero: Black Lotus (0 cards)
  mulligan-math-when-serum-visions: hero: Serum Visions (9 cards)
  how-to-draft-foundations-of-magic-2: hero: Counterspell (0 cards)
  boros-charm-nuts-ravnica-remastered-draft-truths: hero: Boros Charm (4 cards)
  commander-banned-list-update-feb-2026: hero: Lightning Bolt (0 cards)
  rest-in-peace-building-better-sideboards: hero: Rest in Peace (6 cards)
  temur-rhinos-crash-course-modern: hero: Crashing Footfalls (19 cards)
  building-first-competitive-standard-deck: hero: Sol Ring (0 cards)
  the-state-of-legacy-in-2026: hero: Counterspell (0 cards)
  kaito-shizuki-just-broke-standard-and-so-did-these-other-cards: hero: Kaito Shizuki (7 cards)
  baneslayer-angel-back-ratings-mythics-foundations-magic-2: hero: Baneslayer Angel (21 cards)
Card cache: 788 entries
Built index with 34 posts (hero + 3 featured + 30 grid)
Built 34 post pages in /posts/
Built about.html
Built contact.html
Built privacy.html
Built terms.html
Nginx cache purged.
Done.
[16:25:24] Build complete
[16:25:24] === Pipeline complete! 34 total posts ===
