[15:00:01] === ScrollVault Pipeline - 2026-02-11 ===
[15:00:01] Recent posts loaded (1327 chars of titles)
[15:00:01] --- STEP 1: Scout ---
[15:00:01] Attempt 1/3: /bin/openclaw
[15:00:51] Scout completed
[15:00:51] Top story selected: Historic Format Revolution: WOTC Unbans 10 Cards Including Force of Negation and Endurance
[15:00:51] --- STEP 2: Writer ---
[15:00:56] Attempt 1/3: /bin/openclaw
[15:01:20] Writer completed
[15:01:20] --- STEP 3: Editor ---
[15:01:25] Attempt 1/3: /bin/openclaw
[15:01:44] Editor completed
[15:01:44] --- STEP 4: Publisher ---
[15:01:49] Attempt 1/3: /bin/openclaw
[15:02:49] Publisher completed
[15:02:49] --- Verifying ---
[15:02:49] Total published posts: 46
[15:02:49] Site HTTP status: 200
[15:02:49] Note: could not purge nginx cache (may need root)
[15:02:49] === Pipeline complete! ===
[15:02:49] Done.
