[14:31:58] === ScrollVault Pipeline - 2026-02-14 ===
[14:31:58] Recent posts loaded (1919 chars of titles)
[14:31:58] --- STEP 1: Scout ---
[14:31:58] Attempt 1/3: /usr/bin/openclaw
[14:33:36] Scout completed
[14:33:36] Scout didn't return structured JSON. Using raw output for writer.
[14:33:36] Top story selected: MTG news roundup
[14:33:36] --- STEP 2: Writer ---
[14:33:41] Attempt 1/3: /usr/bin/openclaw
[14:34:06] Writer completed
[14:34:06] --- STEP 3: Editor ---
[14:34:11] Attempt 1/3: /usr/bin/openclaw
[14:34:56] Editor completed
[14:34:56] --- STEP 4: Fact Checker ---
[14:35:01] Attempt 1/3: /usr/bin/openclaw
[14:35:23] Fact Checker completed
[14:35:23] --- Pre-Publish Validation ---
[14:35:23] Validation: PASS: Post validated (Divination in Action: How We Scout MTG News)
[14:35:23] --- Backing up posts.json ---
[14:35:23] Backup saved to /home/degenai/scrollvault/data/posts.json.bak
[14:35:23] --- STEP 5: Publisher ---
[14:35:28] Attempt 1/3: /usr/bin/openclaw
[14:46:39] Publisher completed
[14:46:39] --- Verifying Build ---
[14:46:39] Total published posts: 48
[14:46:39] Note: could not purge nginx cache (may need root)
[14:46:39] Site HTTP status: 200
[14:46:39] --- STEP 6: QA ---
