[15:00:01] === MTG Blog Pipeline - 2026-02-12 ===
[15:00:01] Recent posts loaded (1327 chars of titles)
[15:00:01] --- STEP 1: Scout ---
[15:00:01] Attempt 1/3: /bin/openclaw
[15:01:05] Scout completed
[15:01:05] Top story selected: Hasbro Faces $500M Lawsuit Over Alleged Magic: The Gathering Card Overprinting
[15:01:05] --- STEP 2: Writer ---
[15:01:11] Attempt 1/3: /bin/openclaw
[15:01:29] Writer completed
[15:01:29] --- STEP 3: Editor ---
[15:01:34] Attempt 1/3: /bin/openclaw
[15:01:57] Editor completed
[15:01:57] --- STEP 4: Publisher ---
[15:02:02] Attempt 1/3: /bin/openclaw
[15:03:26] Publisher completed
[15:03:26] --- Verifying ---
[15:03:26] Total published posts: 46
[15:03:26] Site HTTP status: 200
[15:03:26] Note: could not purge nginx cache (may need root)
[15:03:26] === Pipeline complete! ===
[15:03:26] --- Deploying to /home/degenai/scrollvault ---
[15:03:26] Deploy complete
[15:03:26] Done.
