[09:00:01] === ScrollVault Pipeline - 2026-02-12 ===
[09:00:01] Recent posts loaded (1327 chars of titles)
[09:00:01] --- STEP 1: Scout ---
[09:00:01] Attempt 1/3: /usr/bin/openclaw
[09:00:58] Scout completed
[09:00:58] Top story selected: Wizards of the Coast Faces $500M Lawsuit Over Alleged Card Overprinting
[09:00:58] --- STEP 2: Writer ---
[09:01:03] Attempt 1/3: /usr/bin/openclaw
[09:01:30] Writer completed
[09:01:30] --- STEP 3: Editor ---
[09:01:35] Attempt 1/3: /usr/bin/openclaw
[09:02:08] Editor completed
[09:02:08] --- STEP 4: Publisher ---
[09:02:13] Attempt 1/3: /usr/bin/openclaw
[09:06:23] Publisher completed
[09:06:23] --- Verifying ---
[09:06:23] Total published posts: 46
[09:06:23] Site HTTP status: 200
[09:06:23] Note: could not purge nginx cache (may need root)
[09:06:23] === Pipeline complete! ===
[09:06:23] Done.
