[15:00:02] === ScrollVault Pipeline - 2026-02-14 ===
[15:00:02] Recent posts loaded (1920 chars of titles)
[15:00:02] --- STEP 1: Scout ---
[15:00:02] Attempt 1/3: /usr/bin/openclaw
[15:03:49] Scout completed
[15:03:49] Top story selected: Teenage Mutant Ninja Turtles Set Previews Kick Off February 17
[15:03:49] --- STEP 2: Writer ---
[15:03:54] Attempt 1/3: /usr/bin/openclaw
[15:04:26] Writer completed
[15:04:26] --- STEP 3: Editor ---
[15:04:31] Attempt 1/3: /usr/bin/openclaw
[15:05:15] Editor completed
[15:05:15] --- STEP 4: Fact Checker ---
[15:05:20] Attempt 1/3: /usr/bin/openclaw
[15:06:10] Fact Checker completed
[15:06:10] --- Pre-Publish Validation ---
[15:06:10] Validation: PASS: Post validated (Heroes in a Half Shell: TMNT Previews Kick Off February 17)
[15:06:10] --- Backing up posts.json ---
[15:06:10] Backup saved to /home/degenai/scrollvault/data/posts.json.bak
[15:06:10] --- STEP 5: Publisher ---
[15:06:15] Attempt 1/3: /usr/bin/openclaw
[15:07:37] Publisher completed
[15:07:37] --- Verifying Build ---
[15:07:37] Total published posts: 49
[15:07:37] Note: could not purge nginx cache (may need root)
[15:07:37] Site HTTP status: 200
[15:07:37] --- STEP 6: QA ---
[15:07:42] Attempt 1/3: /usr/bin/openclaw
[15:15:47] QA completed
[15:15:47] WARNING: QA found CRITICAL issues — review /home/degenai/scrollvault/data/drafts/qa-20260214-150001.txt
[15:15:47] === Pipeline complete! ===
[15:15:47] Done.
