[14:25:31] === ScrollVault Pipeline - 2026-02-14 ===
[14:25:31] Recent posts loaded (1919 chars of titles)
[14:25:31] --- STEP 1: Scout ---
[14:25:31] Attempt 1/3: /usr/bin/openclaw
[14:27:13] Scout completed
[14:27:13] Scout didn't return structured JSON. Using raw output for writer.
[14:27:13] Top story selected: MTG news roundup
[14:27:13] --- STEP 2: Writer ---
[14:27:18] Attempt 1/3: /usr/bin/openclaw
[14:30:04] Writer completed
[14:30:04] --- STEP 3: Editor ---
[14:30:09] Attempt 1/3: /usr/bin/openclaw
[14:30:54] Editor completed
[14:30:54] --- STEP 4: Fact Checker ---
[14:30:59] Attempt 1/3: /usr/bin/openclaw
[14:32:42] Fact Checker completed
[14:32:42] --- Pre-Publish Validation ---
[14:32:42] Validation: PASS: Post validated (Divination in Action: How We Scout MTG News)
[14:32:42] --- Backing up posts.json ---
[14:32:42] Backup saved to /home/degenai/scrollvault/data/posts.json.bak
[14:32:42] --- STEP 5: Publisher ---
[14:32:47] Attempt 1/3: /usr/bin/openclaw
