[15:00:01] === ScrollVault Pipeline - 2026-02-13 ===
[15:00:01] Recent posts loaded (1919 chars of titles)
[15:00:01] --- STEP 1: Scout ---
[15:00:01] Attempt 1/3: /bin/openclaw
[15:02:56] Scout completed
[15:02:56] Top story selected: Turtle Power! Commander Deck Revealed for Magic's Teenage Mutant Ninja Turtles Set
[15:02:56] --- STEP 2: Writer ---
[15:03:01] Attempt 1/3: /bin/openclaw
[15:04:49] Writer completed
[15:04:49] --- STEP 3: Editor ---
[15:04:54] Attempt 1/3: /bin/openclaw
[15:06:30] Editor completed
[15:06:30] --- STEP 4: Fact Checker ---
[15:06:35] Attempt 1/3: /bin/openclaw
[15:08:20] Fact Checker completed
[15:08:20] --- Pre-Publish Validation ---
[15:08:20] Validation: FAIL: validation script error
[15:08:20] Post failed validation. Skipping publish.
[15:08:20] Fact-checker output saved to /home/degenai/scrollvault/data/drafts/factchecker-20260213-150001.txt
[15:08:20] FAILED: Pre-publish validation failed: FAIL: validation script error
